This is pdfTeX, Version 3.14159265-2.6-1.40.20 (MiKTeX 2.9.7050 64-bit) (preloaded format=pdflatex 2019.6.8)  18 JUL 2020 20:40
entering extended mode
**./k-cluster.tex
(k-cluster.tex
LaTeX2e <2018-12-01>
("C:\Program Files\MiKTeX 2.9\tex/latex/base\letter.cls"
Document Class: letter 2014/09/29 v1.2z Standard LaTeX document class
("C:\Program Files\MiKTeX 2.9\tex/latex/base\size10.clo"
File: size10.clo 2018/09/03 v1.4i Standard LaTeX file (size option)
)
\longindentation=\dimen102
\indentedwidth=\dimen103
\labelcount=\count80
)
("C:\Program Files\MiKTeX 2.9\tex/latex/base\inputenc.sty"
Package: inputenc 2018/08/11 v1.3c Input encoding file
\inpenc@prehook=\toks14
\inpenc@posthook=\toks15
)
("C:\Program Files\MiKTeX 2.9\tex/latex/amsmath\amsmath.sty"
Package: amsmath 2018/12/01 v2.17b AMS math features
\@mathmargin=\skip41

For additional information on amsmath, use the `?' option.
("C:\Program Files\MiKTeX 2.9\tex/latex/amsmath\amstext.sty"
Package: amstext 2000/06/29 v2.01 AMS text

("C:\Program Files\MiKTeX 2.9\tex/latex/amsmath\amsgen.sty"
File: amsgen.sty 1999/11/30 v2.0 generic functions
\@emptytoks=\toks16
\ex@=\dimen104
))
("C:\Program Files\MiKTeX 2.9\tex/latex/amsmath\amsbsy.sty"
Package: amsbsy 1999/11/29 v1.2d Bold Symbols
\pmbraise@=\dimen105
)
("C:\Program Files\MiKTeX 2.9\tex/latex/amsmath\amsopn.sty"
Package: amsopn 2016/03/08 v2.02 operator names
)
\inf@bad=\count81
LaTeX Info: Redefining \frac on input line 223.
\uproot@=\count82
\leftroot@=\count83
LaTeX Info: Redefining \overline on input line 385.
\classnum@=\count84
\DOTSCASE@=\count85
LaTeX Info: Redefining \ldots on input line 482.
LaTeX Info: Redefining \dots on input line 485.
LaTeX Info: Redefining \cdots on input line 606.
\Mathstrutbox@=\box27
\strutbox@=\box28
\big@size=\dimen106
LaTeX Font Info:    Redeclaring font encoding OML on input line 729.
LaTeX Font Info:    Redeclaring font encoding OMS on input line 730.
\macc@depth=\count86
\c@MaxMatrixCols=\count87
\dotsspace@=\muskip10
\c@parentequation=\count88
\dspbrk@lvl=\count89
\tag@help=\toks17
\row@=\count90
\column@=\count91
\maxfields@=\count92
\andhelp@=\toks18
\eqnshift@=\dimen107
\alignsep@=\dimen108
\tagshift@=\dimen109
\tagwidth@=\dimen110
\totwidth@=\dimen111
\lineht@=\dimen112
\@envbody=\toks19
\multlinegap=\skip42
\multlinetaggap=\skip43
\mathdisplay@stack=\toks20
LaTeX Info: Redefining \[ on input line 2844.
LaTeX Info: Redefining \] on input line 2845.
)
("C:\Program Files\MiKTeX 2.9\tex/latex/amsfonts\amsfonts.sty"
Package: amsfonts 2013/01/14 v3.01 Basic AMSFonts support
\symAMSa=\mathgroup4
\symAMSb=\mathgroup5
LaTeX Font Info:    Overwriting math alphabet `\mathfrak' in version `bold'
(Font)                  U/euf/m/n --> U/euf/b/n on input line 106.
)
("C:\Program Files\MiKTeX 2.9\tex/latex/amsfonts\amssymb.sty"
Package: amssymb 2013/01/14 v3.01 AMS font symbols
)
("C:\Program Files\MiKTeX 2.9\tex/latex/tools\array.sty"
Package: array 2018/12/30 v2.4k Tabular extension package (FMi)
\col@sep=\dimen113
\ar@mcellbox=\box29
\extrarowheight=\dimen114
\NC@list=\toks21
\extratabsurround=\skip44
\backup@length=\skip45
\ar@cellbox=\box30
)
("C:\Users\Khiari Youssef\AppData\Roaming\MiKTeX\2.9\tex/latex/colortbl\colortb
l.sty"
Package: colortbl 2018/12/12 v1.0d Color table columns (DPC)
 ("C:\Program Files\MiKTeX 2.9\tex/latex/graphics\color.sty"
Package: color 2016/07/10 v1.1e Standard LaTeX Color (DPC)

("C:\Program Files\MiKTeX 2.9\tex/latex/graphics-cfg\color.cfg"
File: color.cfg 2016/01/02 v1.6 sample color configuration
)
Package color Info: Driver file: pdftex.def on input line 147.

("C:\Program Files\MiKTeX 2.9\tex/latex/graphics-def\pdftex.def"
File: pdftex.def 2018/01/08 v1.0l Graphics/color driver for pdftex
))
\everycr=\toks22
\minrowclearance=\skip46
)
("C:\Program Files\MiKTeX 2.9\tex/latex/graphics\graphicx.sty"
Package: graphicx 2017/06/01 v1.1a Enhanced LaTeX Graphics (DPC,SPQR)

("C:\Program Files\MiKTeX 2.9\tex/latex/graphics\keyval.sty"
Package: keyval 2014/10/28 v1.15 key=value parser (DPC)
\KV@toks@=\toks23
)
("C:\Program Files\MiKTeX 2.9\tex/latex/graphics\graphics.sty"
Package: graphics 2017/06/25 v1.2c Standard LaTeX Graphics (DPC,SPQR)

("C:\Program Files\MiKTeX 2.9\tex/latex/graphics\trig.sty"
Package: trig 2016/01/03 v1.10 sin cos tan (DPC)
)
("C:\Program Files\MiKTeX 2.9\tex/latex/graphics-cfg\graphics.cfg"
File: graphics.cfg 2016/06/04 v1.11 sample graphics configuration
)
Package graphics Info: Driver file: pdftex.def on input line 99.
)
\Gin@req@height=\dimen115
\Gin@req@width=\dimen116
)
("C:\Users\Khiari Youssef\AppData\Roaming\MiKTeX\2.9\tex/latex/fancyhdr\fancyhd
r.sty"
Package: fancyhdr 2019/01/31 v3.10 Extensive control of page headers and footer
s
\f@nch@headwidth=\skip47
\f@nch@O@elh=\skip48
\f@nch@O@erh=\skip49
\f@nch@O@olh=\skip50
\f@nch@O@orh=\skip51
\f@nch@O@elf=\skip52
\f@nch@O@erf=\skip53
\f@nch@O@olf=\skip54
\f@nch@O@orf=\skip55
)
("C:\Users\Khiari Youssef\AppData\Roaming\MiKTeX\2.9\tex/latex/fancybox\fancybo
x.sty"
Package: fancybox 2010/05/15 1.4

Style option: `fancybox' v1.4 <2010/05/15> (tvz)
\@fancybox=\box31
\shadowsize=\dimen117
\@Sbox=\box32
\do@VerbBox=\toks24
\the@fancyput=\toks25
\this@fancyput=\toks26
\EndVerbatimTokens=\toks27
\Verbatim@Outfile=\write3
\Verbatim@Infile=\read1
) ("C:\Program Files\MiKTeX 2.9\tex/generic/babel\babel.sty"
Package: babel 2019/06/03 3.32 The Babel package

("C:\Program Files\MiKTeX 2.9\tex/generic/babel\switch.def"
File: switch.def 2019/06/03 3.32 Babel switching mechanism
)
*************************************
* Local config file bblopts.cfg used
*

("C:\Users\Khiari Youssef\AppData\Roaming\MiKTeX\2.9\tex/latex/arabi\bblopts.cf
g"
File: bblopts.cfg 2005/09/08 v0.1 add Arabic and Farsi to "declared" options of
 babel
) ("C:\Program Files\MiKTeX 2.9\tex/latex/babel-english\english.ldf"
Language: english 2017/06/06 v3.3r English support from the babel system

("C:\Program Files\MiKTeX 2.9\tex/generic/babel\babel.def"
File: babel.def 2019/06/03 3.32 Babel common definitions
\babel@savecnt=\count93
\U@D=\dimen118

("C:\Program Files\MiKTeX 2.9\tex/generic/babel\txtbabel.def")
\bbl@dirlevel=\count94
)
\l@canadian = a dialect from \language\l@american 
\l@australian = a dialect from \language\l@british 
\l@newzealand = a dialect from \language\l@british 
))
("C:\Users\Khiari Youssef\AppData\Roaming\MiKTeX\2.9\tex/latex/frankenstein\tit
les.sty"
Package: titles 2001/08/31 v1.2 title macros (Frankenstein's references)

("C:\Users\Khiari Youssef\AppData\Roaming\MiKTeX\2.9\tex/latex/frankenstein\mor
edefs.sty"
Package: moredefs 2001/08/31 v1.8 more defining commands (Frankenstein's brain)

\sc@toks@a=\toks28
\sc@toks@b=\toks29
)
("C:\Users\Khiari Youssef\AppData\Roaming\MiKTeX\2.9\tex/latex/frankenstein\sle
mph.sty"
Package: slemph 1999/02/25 v1.2 slanted emphasis (Frankenstein's gait)
LaTeX Info: Redefining \itswitch on input line 177.
LaTeX Info: Redefining \slswitch on input line 186.
LaTeX Info: Redefining \textitswitch on input line 195.
LaTeX Info: Redefining \textslswitch on input line 196.

("C:\Users\Khiari Youssef\AppData\Roaming\MiKTeX\2.9\tex/latex/frankenstein\sle
mph.cfg"
File: slemph.cfg 
))
("C:\Users\Khiari Youssef\AppData\Roaming\MiKTeX\2.9\tex/latex/frankenstein\tit
les.cfg"
File: titles.cfg 
))
("C:\Users\Khiari Youssef\AppData\Roaming\MiKTeX\2.9\tex/latex/pgf/frontendlaye
r\tikz.sty"
("C:\Users\Khiari Youssef\AppData\Roaming\MiKTeX\2.9\tex/latex/pgf/basiclayer\p
gf.sty"
("C:\Users\Khiari Youssef\AppData\Roaming\MiKTeX\2.9\tex/latex/pgf/utilities\pg
frcs.sty"
("C:\Users\Khiari Youssef\AppData\Roaming\MiKTeX\2.9\tex/generic/pgf/utilities\
pgfutil-common.tex"
\pgfutil@everybye=\toks30
\pgfutil@tempdima=\dimen119
\pgfutil@tempdimb=\dimen120

("C:\Users\Khiari Youssef\AppData\Roaming\MiKTeX\2.9\tex/generic/pgf/utilities\
pgfutil-common-lists.tex"))
("C:\Users\Khiari Youssef\AppData\Roaming\MiKTeX\2.9\tex/generic/pgf/utilities\
pgfutil-latex.def"
\pgfutil@abb=\box33

("C:\Users\Khiari Youssef\AppData\Roaming\MiKTeX\2.9\tex/latex/ms\everyshi.sty"
Package: everyshi 2001/05/15 v3.00 EveryShipout Package (MS)
))
("C:\Users\Khiari Youssef\AppData\Roaming\MiKTeX\2.9\tex/generic/pgf/utilities\
pgfrcs.code.tex"
("C:\Users\Khiari Youssef\AppData\Roaming\MiKTeX\2.9\tex/generic/pgf\pgf.revisi
on.tex")
Package: pgfrcs 2019/05/09 v3.1.3 (3.1.3)
))
Package: pgf 2019/05/09 v3.1.3 (3.1.3)

("C:\Users\Khiari Youssef\AppData\Roaming\MiKTeX\2.9\tex/latex/pgf/basiclayer\p
gfcore.sty"
("C:\Users\Khiari Youssef\AppData\Roaming\MiKTeX\2.9\tex/latex/pgf/systemlayer\
pgfsys.sty"
("C:\Users\Khiari Youssef\AppData\Roaming\MiKTeX\2.9\tex/generic/pgf/systemlaye
r\pgfsys.code.tex"
Package: pgfsys 2019/05/09 v3.1.3 (3.1.3)

("C:\Users\Khiari Youssef\AppData\Roaming\MiKTeX\2.9\tex/generic/pgf/utilities\
pgfkeys.code.tex"
\pgfkeys@pathtoks=\toks31
\pgfkeys@temptoks=\toks32

("C:\Users\Khiari Youssef\AppData\Roaming\MiKTeX\2.9\tex/generic/pgf/utilities\
pgfkeysfiltered.code.tex"
\pgfkeys@tmptoks=\toks33
))
\pgf@x=\dimen121
\pgf@y=\dimen122
\pgf@xa=\dimen123
\pgf@ya=\dimen124
\pgf@xb=\dimen125
\pgf@yb=\dimen126
\pgf@xc=\dimen127
\pgf@yc=\dimen128
\pgf@xd=\dimen129
\pgf@yd=\dimen130
\w@pgf@writea=\write4
\r@pgf@reada=\read2
\c@pgf@counta=\count95
\c@pgf@countb=\count96
\c@pgf@countc=\count97
\c@pgf@countd=\count98
\t@pgf@toka=\toks34
\t@pgf@tokb=\toks35
\t@pgf@tokc=\toks36
\pgf@sys@id@count=\count99

("C:\Users\Khiari Youssef\AppData\Roaming\MiKTeX\2.9\tex/generic/pgf/systemlaye
r\pgf.cfg"
File: pgf.cfg 2019/05/09 v3.1.3 (3.1.3)
)
Driver file for pgf: pgfsys-pdftex.def

("C:\Users\Khiari Youssef\AppData\Roaming\MiKTeX\2.9\tex/generic/pgf/systemlaye
r\pgfsys-pdftex.def"
File: pgfsys-pdftex.def 2019/05/09 v3.1.3 (3.1.3)

("C:\Users\Khiari Youssef\AppData\Roaming\MiKTeX\2.9\tex/generic/pgf/systemlaye
r\pgfsys-common-pdf.def"
File: pgfsys-common-pdf.def 2019/05/09 v3.1.3 (3.1.3)
)))
("C:\Users\Khiari Youssef\AppData\Roaming\MiKTeX\2.9\tex/generic/pgf/systemlaye
r\pgfsyssoftpath.code.tex"
File: pgfsyssoftpath.code.tex 2019/05/09 v3.1.3 (3.1.3)
\pgfsyssoftpath@smallbuffer@items=\count100
\pgfsyssoftpath@bigbuffer@items=\count101
)
("C:\Users\Khiari Youssef\AppData\Roaming\MiKTeX\2.9\tex/generic/pgf/systemlaye
r\pgfsysprotocol.code.tex"
File: pgfsysprotocol.code.tex 2019/05/09 v3.1.3 (3.1.3)
))
("C:\Users\Khiari Youssef\AppData\Roaming\MiKTeX\2.9\tex/latex/xcolor\xcolor.st
y"
Package: xcolor 2016/05/11 v2.12 LaTeX color extensions (UK)
 ("C:\Program Files\MiKTeX 2.9\tex/latex/graphics-cfg\color.cfg"
File: color.cfg 2016/01/02 v1.6 sample color configuration
)
Package xcolor Info: Driver file: pdftex.def on input line 225.
LaTeX Info: Redefining \color on input line 709.
Package xcolor Info: Model `cmy' substituted by `cmy0' on input line 1348.
Package xcolor Info: Model `hsb' substituted by `rgb' on input line 1352.
Package xcolor Info: Model `RGB' extended on input line 1364.
Package xcolor Info: Model `HTML' substituted by `rgb' on input line 1366.
Package xcolor Info: Model `Hsb' substituted by `hsb' on input line 1367.
Package xcolor Info: Model `tHsb' substituted by `hsb' on input line 1368.
Package xcolor Info: Model `HSB' substituted by `hsb' on input line 1369.
Package xcolor Info: Model `Gray' substituted by `gray' on input line 1370.
Package xcolor Info: Model `wave' substituted by `hsb' on input line 1371.
)
("C:\Users\Khiari Youssef\AppData\Roaming\MiKTeX\2.9\tex/generic/pgf/basiclayer
\pgfcore.code.tex"
Package: pgfcore 2019/05/09 v3.1.3 (3.1.3)

("C:\Users\Khiari Youssef\AppData\Roaming\MiKTeX\2.9\tex/generic/pgf/math\pgfma
th.code.tex"
("C:\Users\Khiari Youssef\AppData\Roaming\MiKTeX\2.9\tex/generic/pgf/math\pgfma
thcalc.code.tex"
("C:\Users\Khiari Youssef\AppData\Roaming\MiKTeX\2.9\tex/generic/pgf/math\pgfma
thutil.code.tex")
("C:\Users\Khiari Youssef\AppData\Roaming\MiKTeX\2.9\tex/generic/pgf/math\pgfma
thparser.code.tex"
\pgfmath@dimen=\dimen131
\pgfmath@count=\count102
\pgfmath@box=\box34
\pgfmath@toks=\toks37
\pgfmath@stack@operand=\toks38
\pgfmath@stack@operation=\toks39
)
("C:\Users\Khiari Youssef\AppData\Roaming\MiKTeX\2.9\tex/generic/pgf/math\pgfma
thfunctions.code.tex"
("C:\Users\Khiari Youssef\AppData\Roaming\MiKTeX\2.9\tex/generic/pgf/math\pgfma
thfunctions.basic.code.tex")
("C:\Users\Khiari Youssef\AppData\Roaming\MiKTeX\2.9\tex/generic/pgf/math\pgfma
thfunctions.trigonometric.code.tex")
("C:\Users\Khiari Youssef\AppData\Roaming\MiKTeX\2.9\tex/generic/pgf/math\pgfma
thfunctions.random.code.tex")
("C:\Users\Khiari Youssef\AppData\Roaming\MiKTeX\2.9\tex/generic/pgf/math\pgfma
thfunctions.comparison.code.tex")
("C:\Users\Khiari Youssef\AppData\Roaming\MiKTeX\2.9\tex/generic/pgf/math\pgfma
thfunctions.base.code.tex")
("C:\Users\Khiari Youssef\AppData\Roaming\MiKTeX\2.9\tex/generic/pgf/math\pgfma
thfunctions.round.code.tex")
("C:\Users\Khiari Youssef\AppData\Roaming\MiKTeX\2.9\tex/generic/pgf/math\pgfma
thfunctions.misc.code.tex")
("C:\Users\Khiari Youssef\AppData\Roaming\MiKTeX\2.9\tex/generic/pgf/math\pgfma
thfunctions.integerarithmetics.code.tex")))
("C:\Users\Khiari Youssef\AppData\Roaming\MiKTeX\2.9\tex/generic/pgf/math\pgfma
thfloat.code.tex"
\c@pgfmathroundto@lastzeros=\count103
))
("C:\Users\Khiari Youssef\AppData\Roaming\MiKTeX\2.9\tex/generic/pgf/math\pgfin
t.code.tex")
("C:\Users\Khiari Youssef\AppData\Roaming\MiKTeX\2.9\tex/generic/pgf/basiclayer
\pgfcorepoints.code.tex"
File: pgfcorepoints.code.tex 2019/05/09 v3.1.3 (3.1.3)
\pgf@picminx=\dimen132
\pgf@picmaxx=\dimen133
\pgf@picminy=\dimen134
\pgf@picmaxy=\dimen135
\pgf@pathminx=\dimen136
\pgf@pathmaxx=\dimen137
\pgf@pathminy=\dimen138
\pgf@pathmaxy=\dimen139
\pgf@xx=\dimen140
\pgf@xy=\dimen141
\pgf@yx=\dimen142
\pgf@yy=\dimen143
\pgf@zx=\dimen144
\pgf@zy=\dimen145
)
("C:\Users\Khiari Youssef\AppData\Roaming\MiKTeX\2.9\tex/generic/pgf/basiclayer
\pgfcorepathconstruct.code.tex"
File: pgfcorepathconstruct.code.tex 2019/05/09 v3.1.3 (3.1.3)
\pgf@path@lastx=\dimen146
\pgf@path@lasty=\dimen147
)
("C:\Users\Khiari Youssef\AppData\Roaming\MiKTeX\2.9\tex/generic/pgf/basiclayer
\pgfcorepathusage.code.tex"
File: pgfcorepathusage.code.tex 2019/05/09 v3.1.3 (3.1.3)
\pgf@shorten@end@additional=\dimen148
\pgf@shorten@start@additional=\dimen149
)
("C:\Users\Khiari Youssef\AppData\Roaming\MiKTeX\2.9\tex/generic/pgf/basiclayer
\pgfcorescopes.code.tex"
File: pgfcorescopes.code.tex 2019/05/09 v3.1.3 (3.1.3)
\pgfpic=\box35
\pgf@hbox=\box36
\pgf@layerbox@main=\box37
\pgf@picture@serial@count=\count104
)
("C:\Users\Khiari Youssef\AppData\Roaming\MiKTeX\2.9\tex/generic/pgf/basiclayer
\pgfcoregraphicstate.code.tex"
File: pgfcoregraphicstate.code.tex 2019/05/09 v3.1.3 (3.1.3)
\pgflinewidth=\dimen150
)
("C:\Users\Khiari Youssef\AppData\Roaming\MiKTeX\2.9\tex/generic/pgf/basiclayer
\pgfcoretransformations.code.tex"
File: pgfcoretransformations.code.tex 2019/05/09 v3.1.3 (3.1.3)
\pgf@pt@x=\dimen151
\pgf@pt@y=\dimen152
\pgf@pt@temp=\dimen153
)
("C:\Users\Khiari Youssef\AppData\Roaming\MiKTeX\2.9\tex/generic/pgf/basiclayer
\pgfcorequick.code.tex"
File: pgfcorequick.code.tex 2019/05/09 v3.1.3 (3.1.3)
)
("C:\Users\Khiari Youssef\AppData\Roaming\MiKTeX\2.9\tex/generic/pgf/basiclayer
\pgfcoreobjects.code.tex"
File: pgfcoreobjects.code.tex 2019/05/09 v3.1.3 (3.1.3)
)
("C:\Users\Khiari Youssef\AppData\Roaming\MiKTeX\2.9\tex/generic/pgf/basiclayer
\pgfcorepathprocessing.code.tex"
File: pgfcorepathprocessing.code.tex 2019/05/09 v3.1.3 (3.1.3)
)
("C:\Users\Khiari Youssef\AppData\Roaming\MiKTeX\2.9\tex/generic/pgf/basiclayer
\pgfcorearrows.code.tex"
File: pgfcorearrows.code.tex 2019/05/09 v3.1.3 (3.1.3)
\pgfarrowsep=\dimen154
)
("C:\Users\Khiari Youssef\AppData\Roaming\MiKTeX\2.9\tex/generic/pgf/basiclayer
\pgfcoreshade.code.tex"
File: pgfcoreshade.code.tex 2019/05/09 v3.1.3 (3.1.3)
\pgf@max=\dimen155
\pgf@sys@shading@range@num=\count105
\pgf@shadingcount=\count106
)
("C:\Users\Khiari Youssef\AppData\Roaming\MiKTeX\2.9\tex/generic/pgf/basiclayer
\pgfcoreimage.code.tex"
File: pgfcoreimage.code.tex 2019/05/09 v3.1.3 (3.1.3)

("C:\Users\Khiari Youssef\AppData\Roaming\MiKTeX\2.9\tex/generic/pgf/basiclayer
\pgfcoreexternal.code.tex"
File: pgfcoreexternal.code.tex 2019/05/09 v3.1.3 (3.1.3)
\pgfexternal@startupbox=\box38
))
("C:\Users\Khiari Youssef\AppData\Roaming\MiKTeX\2.9\tex/generic/pgf/basiclayer
\pgfcorelayers.code.tex"
File: pgfcorelayers.code.tex 2019/05/09 v3.1.3 (3.1.3)
)
("C:\Users\Khiari Youssef\AppData\Roaming\MiKTeX\2.9\tex/generic/pgf/basiclayer
\pgfcoretransparency.code.tex"
File: pgfcoretransparency.code.tex 2019/05/09 v3.1.3 (3.1.3)
)
("C:\Users\Khiari Youssef\AppData\Roaming\MiKTeX\2.9\tex/generic/pgf/basiclayer
\pgfcorepatterns.code.tex"
File: pgfcorepatterns.code.tex 2019/05/09 v3.1.3 (3.1.3)
)
("C:\Users\Khiari Youssef\AppData\Roaming\MiKTeX\2.9\tex/generic/pgf/basiclayer
\pgfcorerdf.code.tex"
File: pgfcorerdf.code.tex 2019/05/09 v3.1.3 (3.1.3)
)))
("C:\Users\Khiari Youssef\AppData\Roaming\MiKTeX\2.9\tex/generic/pgf/modules\pg
fmoduleshapes.code.tex"
File: pgfmoduleshapes.code.tex 2019/05/09 v3.1.3 (3.1.3)
\pgfnodeparttextbox=\box39
)
("C:\Users\Khiari Youssef\AppData\Roaming\MiKTeX\2.9\tex/generic/pgf/modules\pg
fmoduleplot.code.tex"
File: pgfmoduleplot.code.tex 2019/05/09 v3.1.3 (3.1.3)
)
("C:\Users\Khiari Youssef\AppData\Roaming\MiKTeX\2.9\tex/latex/pgf/compatibilit
y\pgfcomp-version-0-65.sty"
Package: pgfcomp-version-0-65 2019/05/09 v3.1.3 (3.1.3)
\pgf@nodesepstart=\dimen156
\pgf@nodesepend=\dimen157
)
("C:\Users\Khiari Youssef\AppData\Roaming\MiKTeX\2.9\tex/latex/pgf/compatibilit
y\pgfcomp-version-1-18.sty"
Package: pgfcomp-version-1-18 2019/05/09 v3.1.3 (3.1.3)
))
("C:\Users\Khiari Youssef\AppData\Roaming\MiKTeX\2.9\tex/latex/pgf/utilities\pg
ffor.sty"
("C:\Users\Khiari Youssef\AppData\Roaming\MiKTeX\2.9\tex/latex/pgf/utilities\pg
fkeys.sty"
("C:\Users\Khiari Youssef\AppData\Roaming\MiKTeX\2.9\tex/generic/pgf/utilities\
pgfkeys.code.tex"))
("C:\Users\Khiari Youssef\AppData\Roaming\MiKTeX\2.9\tex/latex/pgf/math\pgfmath
.sty"
("C:\Users\Khiari Youssef\AppData\Roaming\MiKTeX\2.9\tex/generic/pgf/math\pgfma
th.code.tex"))
("C:\Users\Khiari Youssef\AppData\Roaming\MiKTeX\2.9\tex/generic/pgf/utilities\
pgffor.code.tex"
Package: pgffor 2019/05/09 v3.1.3 (3.1.3)

("C:\Users\Khiari Youssef\AppData\Roaming\MiKTeX\2.9\tex/generic/pgf/math\pgfma
th.code.tex")
\pgffor@iter=\dimen158
\pgffor@skip=\dimen159
\pgffor@stack=\toks40
\pgffor@toks=\toks41
))
("C:\Users\Khiari Youssef\AppData\Roaming\MiKTeX\2.9\tex/generic/pgf/frontendla
yer/tikz\tikz.code.tex"
Package: tikz 2019/05/09 v3.1.3 (3.1.3)

("C:\Users\Khiari Youssef\AppData\Roaming\MiKTeX\2.9\tex/generic/pgf/libraries\
pgflibraryplothandlers.code.tex"
File: pgflibraryplothandlers.code.tex 2019/05/09 v3.1.3 (3.1.3)
\pgf@plot@mark@count=\count107
\pgfplotmarksize=\dimen160
)
\tikz@lastx=\dimen161
\tikz@lasty=\dimen162
\tikz@lastxsaved=\dimen163
\tikz@lastysaved=\dimen164
\tikzleveldistance=\dimen165
\tikzsiblingdistance=\dimen166
\tikz@figbox=\box40
\tikz@figbox@bg=\box41
\tikz@tempbox=\box42
\tikz@tempbox@bg=\box43
\tikztreelevel=\count108
\tikznumberofchildren=\count109
\tikznumberofcurrentchild=\count110
\tikz@fig@count=\count111

("C:\Users\Khiari Youssef\AppData\Roaming\MiKTeX\2.9\tex/generic/pgf/modules\pg
fmodulematrix.code.tex"
File: pgfmodulematrix.code.tex 2019/05/09 v3.1.3 (3.1.3)
\pgfmatrixcurrentrow=\count112
\pgfmatrixcurrentcolumn=\count113
\pgf@matrix@numberofcolumns=\count114
)
\tikz@expandcount=\count115

("C:\Users\Khiari Youssef\AppData\Roaming\MiKTeX\2.9\tex/generic/pgf/frontendla
yer/tikz/libraries\tikzlibrarytopaths.code.tex"
File: tikzlibrarytopaths.code.tex 2019/05/09 v3.1.3 (3.1.3)
)))
("C:\Users\Khiari Youssef\AppData\Roaming\MiKTeX\2.9\tex/latex/pgfplots\pgfplot
s.sty"
("C:\Users\Khiari Youssef\AppData\Roaming\MiKTeX\2.9\tex/generic/pgfplots\pgfpl
ots.revision.tex")
Package: pgfplots 2020/02/29 v1.17 Data Visualization (1.17)

("C:\Users\Khiari Youssef\AppData\Roaming\MiKTeX\2.9\tex/generic/pgfplots\pgfpl
ots.code.tex"
("C:\Users\Khiari Youssef\AppData\Roaming\MiKTeX\2.9\tex/generic/pgfplots\pgfpl
otscore.code.tex"
\t@pgfplots@toka=\toks42
\t@pgfplots@tokb=\toks43
\t@pgfplots@tokc=\toks44
\pgfplots@tmpa=\dimen167
\c@pgfplots@coordindex=\count116
\c@pgfplots@scanlineindex=\count117

("C:\Users\Khiari Youssef\AppData\Roaming\MiKTeX\2.9\tex/generic/pgfplots/sys\p
gfplotssysgeneric.code.tex"))
("C:\Users\Khiari Youssef\AppData\Roaming\MiKTeX\2.9\tex/generic/pgfplots/libs\
pgfplotslibrary.code.tex")
("C:\Users\Khiari Youssef\AppData\Roaming\MiKTeX\2.9\tex/generic/pgfplots/oldpg
fcompatib\pgfplotsoldpgfsupp_loader.code.tex"
("C:\Users\Khiari Youssef\AppData\Roaming\MiKTeX\2.9\tex/generic/pgf/libraries\
pgflibraryfpu.code.tex"))
("C:\Users\Khiari Youssef\AppData\Roaming\MiKTeX\2.9\tex/generic/pgfplots/util\
pgfplotsutil.code.tex"
("C:\Users\Khiari Youssef\AppData\Roaming\MiKTeX\2.9\tex/generic/pgfplots/lists
tructure\pgfplotsliststructure.code.tex")
("C:\Users\Khiari Youssef\AppData\Roaming\MiKTeX\2.9\tex/generic/pgfplots/lists
tructure\pgfplotsliststructureext.code.tex")
("C:\Users\Khiari Youssef\AppData\Roaming\MiKTeX\2.9\tex/generic/pgfplots/lists
tructure\pgfplotsarray.code.tex"
\c@pgfplotsarray@tmp=\count118
)
("C:\Users\Khiari Youssef\AppData\Roaming\MiKTeX\2.9\tex/generic/pgfplots/lists
tructure\pgfplotsmatrix.code.tex")
("C:\Users\Khiari Youssef\AppData\Roaming\MiKTeX\2.9\tex/generic/pgfplots/numta
ble\pgfplotstableshared.code.tex"
\c@pgfplotstable@counta=\count119
\t@pgfplotstable@a=\toks45
)
("C:\Users\Khiari Youssef\AppData\Roaming\MiKTeX\2.9\tex/generic/pgfplots/lists
tructure\pgfplotsdeque.code.tex")
("C:\Users\Khiari Youssef\AppData\Roaming\MiKTeX\2.9\tex/generic/pgfplots/util\
pgfplotsbinary.code.tex"
("C:\Users\Khiari Youssef\AppData\Roaming\MiKTeX\2.9\tex/generic/pgfplots/util\
pgfplotsbinary.data.code.tex"))
("C:\Users\Khiari Youssef\AppData\Roaming\MiKTeX\2.9\tex/generic/pgfplots/util\
pgfplotsutil.verb.code.tex")
("C:\Users\Khiari Youssef\AppData\Roaming\MiKTeX\2.9\tex/generic/pgfplots/libs\
pgflibrarypgfplots.surfshading.code.tex"
\c@pgfplotslibrarysurf@no=\count120

("C:\Users\Khiari Youssef\AppData\Roaming\MiKTeX\2.9\tex/generic/pgfplots/sys\p
gflibrarypgfplots.surfshading.pgfsys-pdftex.def")))
("C:\Users\Khiari Youssef\AppData\Roaming\MiKTeX\2.9\tex/generic/pgfplots/util\
pgfplotscolormap.code.tex"
("C:\Users\Khiari Youssef\AppData\Roaming\MiKTeX\2.9\tex/generic/pgfplots/util\
pgfplotscolor.code.tex"))
("C:\Users\Khiari Youssef\AppData\Roaming\MiKTeX\2.9\tex/generic/pgfplots\pgfpl
otsstackedplots.code.tex")
("C:\Users\Khiari Youssef\AppData\Roaming\MiKTeX\2.9\tex/generic/pgfplots\pgfpl
otsplothandlers.code.tex"
("C:\Users\Khiari Youssef\AppData\Roaming\MiKTeX\2.9\tex/generic/pgfplots\pgfpl
otsmeshplothandler.code.tex"
("C:\Users\Khiari Youssef\AppData\Roaming\MiKTeX\2.9\tex/generic/pgfplots\pgfpl
otsmeshplotimage.code.tex")))
("C:\Users\Khiari Youssef\AppData\Roaming\MiKTeX\2.9\tex/generic/pgfplots\pgfpl
ots.scaling.code.tex")
("C:\Users\Khiari Youssef\AppData\Roaming\MiKTeX\2.9\tex/generic/pgfplots\pgfpl
otscoordprocessing.code.tex")
("C:\Users\Khiari Youssef\AppData\Roaming\MiKTeX\2.9\tex/generic/pgfplots\pgfpl
ots.errorbars.code.tex")
("C:\Users\Khiari Youssef\AppData\Roaming\MiKTeX\2.9\tex/generic/pgfplots\pgfpl
ots.markers.code.tex")
("C:\Users\Khiari Youssef\AppData\Roaming\MiKTeX\2.9\tex/generic/pgfplots\pgfpl
otsticks.code.tex")
("C:\Users\Khiari Youssef\AppData\Roaming\MiKTeX\2.9\tex/generic/pgfplots\pgfpl
ots.paths.code.tex")
("C:\Users\Khiari Youssef\AppData\Roaming\MiKTeX\2.9\tex/generic/pgf/frontendla
yer/tikz/libraries\tikzlibrarydecorations.code.tex"
("C:\Users\Khiari Youssef\AppData\Roaming\MiKTeX\2.9\tex/generic/pgf/modules\pg
fmoduledecorations.code.tex"
\pgfdecoratedcompleteddistance=\dimen168
\pgfdecoratedremainingdistance=\dimen169
\pgfdecoratedinputsegmentcompleteddistance=\dimen170
\pgfdecoratedinputsegmentremainingdistance=\dimen171
\pgf@decorate@distancetomove=\dimen172
\pgf@decorate@repeatstate=\count121
\pgfdecorationsegmentamplitude=\dimen173
\pgfdecorationsegmentlength=\dimen174
)
\tikz@lib@dec@box=\box44
)
("C:\Users\Khiari Youssef\AppData\Roaming\MiKTeX\2.9\tex/generic/pgf/frontendla
yer/tikz/libraries\tikzlibrarydecorations.pathmorphing.code.tex"
("C:\Users\Khiari Youssef\AppData\Roaming\MiKTeX\2.9\tex/generic/pgf/libraries/
decorations\pgflibrarydecorations.pathmorphing.code.tex"))
("C:\Users\Khiari Youssef\AppData\Roaming\MiKTeX\2.9\tex/generic/pgf/frontendla
yer/tikz/libraries\tikzlibrarydecorations.pathreplacing.code.tex"
("C:\Users\Khiari Youssef\AppData\Roaming\MiKTeX\2.9\tex/generic/pgf/libraries/
decorations\pgflibrarydecorations.pathreplacing.code.tex"))
\pgfplots@numplots=\count122
\pgfplots@xmin@reg=\dimen175
\pgfplots@xmax@reg=\dimen176
\pgfplots@ymin@reg=\dimen177
\pgfplots@ymax@reg=\dimen178
\pgfplots@zmin@reg=\dimen179
\pgfplots@zmax@reg=\dimen180
)
("C:\Users\Khiari Youssef\AppData\Roaming\MiKTeX\2.9\tex/generic/pgf/frontendla
yer/tikz/libraries\tikzlibraryplotmarks.code.tex"
File: tikzlibraryplotmarks.code.tex 2019/05/09 v3.1.3 (3.1.3)

("C:\Users\Khiari Youssef\AppData\Roaming\MiKTeX\2.9\tex/generic/pgf/libraries\
pgflibraryplotmarks.code.tex"
File: pgflibraryplotmarks.code.tex 2019/05/09 v3.1.3 (3.1.3)
)))
("C:\Program Files\MiKTeX 2.9\tex/latex/geometry\geometry.sty"
Package: geometry 2018/04/16 v5.8 Page Geometry

("C:\Program Files\MiKTeX 2.9\tex/generic/oberdiek\ifpdf.sty"
Package: ifpdf 2018/09/07 v3.3 Provides the ifpdf switch
)
("C:\Program Files\MiKTeX 2.9\tex/generic/oberdiek\ifvtex.sty"
Package: ifvtex 2016/05/16 v1.6 Detect VTeX and its facilities (HO)
Package ifvtex Info: VTeX not detected.
)
("C:\Program Files\MiKTeX 2.9\tex/generic/ifxetex\ifxetex.sty"
Package: ifxetex 2010/09/12 v0.6 Provides ifxetex conditional
)
\Gm@cnth=\count123
\Gm@cntv=\count124
\c@Gm@tempcnt=\count125
\Gm@bindingoffset=\dimen181
\Gm@wd@mp=\dimen182
\Gm@odd@mp=\dimen183
\Gm@even@mp=\dimen184
\Gm@layoutwidth=\dimen185
\Gm@layoutheight=\dimen186
\Gm@layouthoffset=\dimen187
\Gm@layoutvoffset=\dimen188
\Gm@dimlist=\toks46

("C:\Program Files\MiKTeX 2.9\tex/latex/geometry\geometry.cfg")) (k-cluster.aux
)
\openout1 = `k-cluster.aux'.

LaTeX Font Info:    Checking defaults for OML/cmm/m/it on input line 36.
LaTeX Font Info:    ... okay on input line 36.
LaTeX Font Info:    Checking defaults for T1/cmr/m/n on input line 36.
LaTeX Font Info:    ... okay on input line 36.
LaTeX Font Info:    Checking defaults for OT1/cmr/m/n on input line 36.
LaTeX Font Info:    ... okay on input line 36.
LaTeX Font Info:    Checking defaults for OMS/cmsy/m/n on input line 36.
LaTeX Font Info:    ... okay on input line 36.
LaTeX Font Info:    Checking defaults for OMX/cmex/m/n on input line 36.
LaTeX Font Info:    ... okay on input line 36.
LaTeX Font Info:    Checking defaults for U/cmr/m/n on input line 36.
LaTeX Font Info:    ... okay on input line 36.

("C:\Users\Khiari Youssef\AppData\Roaming\MiKTeX\2.9\tex/context/base/mkii\supp
-pdf.mkii"
[Loading MPS to PDF converter (version 2006.09.02).]
\scratchcounter=\count126
\scratchdimen=\dimen189
\scratchbox=\box45
\nofMPsegments=\count127
\nofMParguments=\count128
\everyMPshowfont=\toks47
\MPscratchCnt=\count129
\MPscratchDim=\dimen190
\MPnumerator=\count130
\makeMPintoPDFobject=\count131
\everyMPtoPDFconversion=\toks48
) ("C:\Program Files\MiKTeX 2.9\tex/latex/oberdiek\epstopdf-base.sty"
Package: epstopdf-base 2016/05/15 v2.6 Base part for package epstopdf

("C:\Program Files\MiKTeX 2.9\tex/generic/oberdiek\infwarerr.sty"
Package: infwarerr 2016/05/16 v1.4 Providing info/warning/error messages (HO)
)
("C:\Program Files\MiKTeX 2.9\tex/latex/oberdiek\grfext.sty"
Package: grfext 2016/05/16 v1.2 Manage graphics extensions (HO)

("C:\Program Files\MiKTeX 2.9\tex/generic/oberdiek\kvdefinekeys.sty"
Package: kvdefinekeys 2016/05/16 v1.4 Define keys (HO)

("C:\Program Files\MiKTeX 2.9\tex/generic/oberdiek\ltxcmds.sty"
Package: ltxcmds 2016/05/16 v1.23 LaTeX kernel commands for general use (HO)
)))
("C:\Program Files\MiKTeX 2.9\tex/latex/oberdiek\kvoptions.sty"
Package: kvoptions 2016/05/16 v3.12 Key value format for package options (HO)

("C:\Program Files\MiKTeX 2.9\tex/generic/oberdiek\kvsetkeys.sty"
Package: kvsetkeys 2016/05/16 v1.17 Key value parser (HO)

("C:\Program Files\MiKTeX 2.9\tex/generic/oberdiek\etexcmds.sty"
Package: etexcmds 2016/05/16 v1.6 Avoid name clashes with e-TeX commands (HO)

("C:\Program Files\MiKTeX 2.9\tex/generic/oberdiek\ifluatex.sty"
Package: ifluatex 2016/05/16 v1.4 Provides the ifluatex switch (HO)
Package ifluatex Info: LuaTeX not detected.
))))
("C:\Program Files\MiKTeX 2.9\tex/generic/oberdiek\pdftexcmds.sty"
Package: pdftexcmds 2018/09/10 v0.29 Utility functions of pdfTeX for LuaTeX (HO
)
Package pdftexcmds Info: LuaTeX not detected.
Package pdftexcmds Info: \pdf@primitive is available.
Package pdftexcmds Info: \pdf@ifprimitive is available.
Package pdftexcmds Info: \pdfdraftmode found.
)
Package epstopdf-base Info: Redefining graphics rule for `.eps' on input line 4
38.
Package grfext Info: Graphics extension search list:
(grfext)             [.pdf,.png,.jpg,.mps,.jpeg,.jbig2,.jb2,.PDF,.PNG,.JPG,.JPE
G,.JBIG2,.JB2,.eps]
(grfext)             \AppendGraphicsExtensions on input line 456.
)
ABD: EveryShipout initializing macros

Package pgfplots Warning: running in backwards compatibility mode (unsuitable t
ick labels; missing features). Consider writing \pgfplotsset{compat=1.17} into 
your preamble.
 on input line 36.

*geometry* driver: auto-detecting
*geometry* detected driver: pdftex
*geometry* verbose mode - [ preamble ] result:
* driver: pdftex
* paper: a4paper
* layout: <same size as paper>
* layoutoffset:(h,v)=(0.0pt,0.0pt)
* modes: includehead includefoot 
* h-part:(L,W,R)=(56.9055pt, 483.69687pt, 56.9055pt)
* v-part:(T,H,B)=(56.9055pt, 731.23584pt, 56.9055pt)
* \paperwidth=597.50787pt
* \paperheight=845.04684pt
* \textwidth=483.69687pt
* \textheight=649.23584pt
* \oddsidemargin=-15.36449pt
* \evensidemargin=-15.36449pt
* \topmargin=-15.36449pt
* \headheight=12.0pt
* \headsep=45.0pt
* \topskip=10.0pt
* \footskip=25.0pt
* \marginparwidth=90.0pt
* \marginparsep=11.0pt
* \columnsep=10.0pt
* \skip\footins=10.0pt plus 2.0pt minus 4.0pt
* \hoffset=0.0pt
* \voffset=0.0pt
* \mag=1000
* \@twocolumnfalse
* \@twosidefalse
* \@mparswitchfalse
* \@reversemarginfalse
* (1in=72.27pt=25.4mm, 1cm=28.453pt)

LaTeX Font Info:    Try loading font information for U+msa on input line 43.
("C:\Program Files\MiKTeX 2.9\tex/latex/amsfonts\umsa.fd"
File: umsa.fd 2013/01/14 v3.01 AMS symbols A
)
LaTeX Font Info:    Try loading font information for U+msb on input line 43.

("C:\Program Files\MiKTeX 2.9\tex/latex/amsfonts\umsb.fd"
File: umsb.fd 2013/01/14 v3.01 AMS symbols B
) [1

{C:/Users/Khiari Youssef/AppData/Local/MiKTeX/2.9/pdftex/config/pdftex.map}] [2

]
PGFPlots: reading {data.dat}


Package pgfplots Warning: scatter/classes: can't find class for 'c1'!? Please m
ake sure you have specified 'scatter src=explicit symbolic'. Ignoring class 'c1
' (this message will not come again). on input line 104.

 [warning /pgfplots/warning/scatter classes no such class]

Package pgfplots Warning: scatter/classes: can't find class for 'c2'!? Please m
ake sure you have specified 'scatter src=explicit symbolic'. Ignoring class 'c2
' (this message will not come again). on input line 104.

 [warning /pgfplots/warning/scatter classes no such class]

Package pgfplots Warning: scatter/classes: can't find class for 'c3'!? Please m
ake sure you have specified 'scatter src=explicit symbolic'. Ignoring class 'c3
' (this message will not come again). on input line 104.

 [warning /pgfplots/warning/scatter classes no such class]

Package pgfplots Warning: scatter/classes: can't find class for 'c4'!? Please m
ake sure you have specified 'scatter src=explicit symbolic'. Ignoring class 'c4
' (this message will not come again). on input line 104.

 [warning /pgfplots/warning/scatter classes no such class]
PGFPlots: reading {data.dat}
[3

] (k-cluster.aux) ) 
Here is how much of TeX's memory you used:
 24524 strings out of 492895
 624853 string characters out of 3133451
 812931 words of memory out of 3000000
 27992 multiletter control sequences out of 15000+200000
 14352 words of font info for 57 fonts, out of 3000000 for 9000
 1141 hyphenation exceptions out of 8191
 62i,9n,96p,708b,1977s stack positions out of 5000i,500n,10000p,200000b,50000s
<C:/Program Files/MiKTeX 2.9/fonts/type1/public/amsfonts/cm/
cmbx12.pfb><C:/Program Files/MiKTeX 2.9/fonts/type1/public/amsfonts/cm/cmex10.p
fb><C:/Program Files/MiKTeX 2.9/fonts/type1/public/amsfonts/cm/cmmi10.pfb><C:/P
rogram Files/MiKTeX 2.9/fonts/type1/public/amsfonts/cm/cmmi12.pfb><C:/Program F
iles/MiKTeX 2.9/fonts/type1/public/amsfonts/cm/cmmi8.pfb><C:/Program Files/MiKT
eX 2.9/fonts/type1/public/amsfonts/cm/cmr10.pfb><C:/Program Files/MiKTeX 2.9/fo
nts/type1/public/amsfonts/cm/cmr12.pfb><C:/Program Files/MiKTeX 2.9/fonts/type1
/public/amsfonts/cm/cmr8.pfb><C:/Program Files/MiKTeX 2.9/fonts/type1/public/am
sfonts/cm/cmss10.pfb><C:/Program Files/MiKTeX 2.9/fonts/type1/public/amsfonts/c
m/cmss12.pfb><C:/Program Files/MiKTeX 2.9/fonts/type1/public/amsfonts/cm/cmsy10
.pfb><C:/Program Files/MiKTeX 2.9/fonts/type1/public/amsfonts/cm/cmtt12.pfb>
Output written on k-cluster.pdf (3 pages, 130130 bytes).
PDF statistics:
 63 PDF objects out of 1000 (max. 8388607)
 0 named destinations out of 1000 (max. 500000)
 13 words of extra memory for PDF output out of 10000 (max. 10000000)

